e:\github\directx12\directx12project\project1\x64\debug\vc143.pdb
e:\github\directx12\directx12project\project1\x64\debug\vc143.idb
e:\github\directx12\directx12project\project1\x64\debug\directxtexutil.obj
e:\github\directx12\directx12project\project1\x64\debug\directxtextga.obj
e:\github\directx12\directx12project\project1\x64\debug\directxtexresize.obj
e:\github\directx12\directx12project\project1\x64\debug\directxtexpmalpha.obj
e:\github\directx12\directx12project\project1\x64\debug\directxtexnormalmaps.obj
e:\github\directx12\directx12project\project1\x64\debug\directxtexmisc.obj
e:\github\directx12\directx12project\project1\x64\debug\directxtexmipmaps.obj
e:\github\directx12\directx12project\project1\x64\debug\directxteximage.obj
e:\github\directx12\directx12project\project1\x64\debug\directxtexfliprotate.obj
e:\github\directx12\directx12project\project1\x64\debug\directxtexdds.obj
e:\github\directx12\directx12project\project1\x64\debug\directxtexd3d11.obj
e:\github\directx12\directx12project\project1\x64\debug\directxtexconvert.obj
e:\github\directx12\directx12project\project1\x64\debug\directxtexcompressgpu.obj
e:\github\directx12\directx12project\project1\x64\debug\directxtexcompress.obj
e:\github\directx12\directx12project\project1\x64\debug\bcdirectcompute.obj
e:\github\directx12\directx12project\project1\x64\debug\bc6hbc7.obj
e:\github\directx12\directx12project\project1\x64\debug\bc4bc5.obj
e:\github\directx12\directx12project\project1\x64\debug\bc.obj
e:\github\directx12\directx12project\project1\x64\debug\d3d12memalloc.obj
e:\github\directx12\directx12project\project1\x64\debug\d3d12lite.obj
e:\github\directx12\directx12project\project1\x64\debug\imgui_widgets.obj
e:\github\directx12\directx12project\project1\x64\debug\imgui_tables.obj
e:\github\directx12\directx12project\project1\x64\debug\imgui_impl_win32.obj
e:\github\directx12\directx12project\project1\x64\debug\imgui_impl_dx12.obj
e:\github\directx12\directx12project\project1\x64\debug\imgui_draw.obj
e:\github\directx12\directx12project\project1\x64\debug\imgui_demo.obj
e:\github\directx12\directx12project\project1\x64\debug\imgui.obj
e:\github\directx12\directx12project\project1\x64\debug\directxtexwic.obj
e:\github\directx12\directx12project\x64\debug\dxcompiler.dll
e:\github\directx12\directx12project\x64\debug\dxil.dll
e:\github\directx12\directx12project\x64\debug\common.cso
e:\github\directx12\directx12project\project1\x64\debug\directx12.tlog\cl.command.1.tlog
e:\github\directx12\directx12project\project1\x64\debug\directx12.tlog\cl.read.1.tlog
e:\github\directx12\directx12project\project1\x64\debug\directx12.tlog\cl.write.1.tlog
e:\github\directx12\directx12project\project1\x64\debug\directx12.tlog\copyfile.command.1.tlog
e:\github\directx12\directx12project\project1\x64\debug\directx12.tlog\copyfile.read.1.tlog
e:\github\directx12\directx12project\project1\x64\debug\directx12.tlog\copyfile.write.1.tlog
e:\github\directx12\directx12project\project1\x64\debug\directx12.tlog\dxc.command.1.tlog
e:\github\directx12\directx12project\project1\x64\debug\directx12.tlog\dxc.read.1.tlog
e:\github\directx12\directx12project\project1\x64\debug\directx12.tlog\fxc.command.1.tlog
e:\github\directx12\directx12project\project1\x64\debug\directx12.tlog\fxc.read.1.tlog
e:\github\directx12\directx12project\project1\x64\debug\directx12.tlog\fxc.write.1.tlog
